GAG	1
ACG	0.744186046511628
CAC	1
CGG	0.540540540540541
CAA	0.380352644836272
CTG	1
ATC	1
ATT	0.414225941422594
CCC	1
TAC	1
GCT	0.309734513274336
CAT	0.537688442211055
TTC	1
AAA	0.398576512455516
TCA	0.254612546125461
GAA	0.394927536231884
AAC	1
CCG	0.878306878306878
CTC	0.386058981233244
TAT	0.537634408602151
AGT	0.450184501845018
GGA	0.537671232876712
AGC	1
GTG	1
GCC	1
AGA	0.243243243243243
GCG	0.47787610619469
ACC	1
ATA	0.284518828451883
GTT	0.330316742081448
TTA	0.0857908847184987
TTG	0.329758713136729
CGT	0.371621621621622
CTA	0.190348525469169
CTT	0.142091152815013
GGT	0.335616438356164
TCG	0.712177121771218
TGT	0.23
GGG	0.174657534246575
GTA	0.194570135746606
GTC	0.565610859728507
TGC	1
AGG	0.310810810810811
AAT	0.604477611940298
GGC	1
CAG	1
TCC	0.845018450184502
TTT	0.450261780104712
TCT	0.191881918819188
CGA	0.364864864864865
CCT	0.407407407407407
CGC	1
GAT	0.892857142857143
GCA	0.274336283185841
AAG	1
CCA	0.587301587301587
ACA	0.469767441860465
ACT	0.288372093023256
GAC	1
