TGC	0.334608030592734
GCG	0.173996175908222
TCA	0.095640535372849
AAG	0.713193116634799
GAG	1
GGC	0.669216061185469
CCA	0.239039196940727
GCC	0.413001912045889
AAA	0.286806883365201
TCG	0.221797323135755
CTT	0.239005736137667
AGA	0.1434034416826
AGC	0.286806883365201
AGG	0.189292543021033
GGG	0.0917782026768642
CCG	0.315487571701721
ACC	0.309751434034417
GGT	0.394837476099426
CAA	0.191204588910134
TTA	0.191204588910134
CGG	0.152963671128107
AAC	0.573613766730402
CTC	0.17208413001912
GCT	0.573613766730402
GAC	0.669216061185469
GTT	0.286806883365201
TTT	0.225621414913958
GGA	0.286806883365201
AAT	0.338432122370937
GTG	0.365200764818356
CCT	0.334608030592734
TAC	0.430210325047801
TCT	0.382409177820268
CAC	0.239005736137667
ACT	0.430210325047801
CGC	0.344168260038241
GAA	0.286806883365201
ACA	0.286849904397706
ACG	0.235181644359465
TTC	0.382409177820268
TCC	0.275334608030593
CAT	0.141013384321224
AGT	0.169216061185469
ATC	0.309751434034417
TGG	0.397705544933078
CGT	0.478011472275335
ATA	0.0956453154875717
GAT	0.394837476099426
CGA	0.478059273422562
TGT	0.197418738049713
ATT	0.430210325047801
TAT	0.253824091778203
CTG	0.413001912045889
GTC	0.206500956022945
GTA	0.0956309751434034
CTA	0.0956261950286807
TTG	0.252390057361377
CCC	0.240917782026769
GCA	0.09565965583174
CAG	0.443594646271511
